<?xml version="1.0" encoding="UTF-8"?>
<testsuite xmlns:xsi="http://www.w3.org/2001/XMLSchema-instance" xsi:noNamespaceSchemaLocation="https://maven.apache.org/surefire/maven-surefire-plugin/xsd/surefire-test-report.xsd" name="io.battlesnake.starter.SnakeTest" time="0.314" tests="4" errors="0" skipped="0" failures="0">
  <properties>
[...]
</properties>
  <testcase name="startTest" classname="io.battlesnake.starter.SnakeTest" time="0.037"/>
  <testcase name="endTest" classname="io.battlesnake.starter.SnakeTest" time="0"/>
  <testcase name="pingTest" classname="io.battlesnake.starter.SnakeTest" time="0.001"/>
  <testcase name="moveTest" classname="io.battlesnake.starter.SnakeTest" time="0"/>
</testsuite>